[debug] [2024-03-22T02:47:24.037Z] ----------------------------------------------------------------------
[debug] [2024-03-22T02:47:24.039Z] Command:       C:\Program Files\nodejs\node.exe C:\Users\Maxim\AppData\Roaming\npm\node_modules\firebase-tools\lib\bin\firebase.js deploy
[debug] [2024-03-22T02:47:24.040Z] CLI Version:   13.5.2
[debug] [2024-03-22T02:47:24.040Z] Platform:      win32
[debug] [2024-03-22T02:47:24.040Z] Node Version:  v18.16.0
[debug] [2024-03-22T02:47:24.041Z] Time:          Fri Mar 22 2024 04:47:24 GMT+0200 (Eastern European Standard Time)
[debug] [2024-03-22T02:47:24.041Z] ----------------------------------------------------------------------
[debug] 
[debug] [2024-03-22T02:47:24.117Z] > command requires scopes: ["email","openid","https://www.googleapis.com/auth/cloudplatformprojects.readonly","https://www.googleapis.com/auth/firebase","https://www.googleapis.com/auth/cloud-platform"]
[debug] [2024-03-22T02:47:24.117Z] > authorizing via signed-in user (habibaahmed19372456@gmail.com)
[debug] [2024-03-22T02:47:24.117Z] [iam] checking project ecoeats-47a9c for permissions ["firebase.projects.get","firebasehosting.sites.update"]
[debug] [2024-03-22T02:47:24.120Z] >>> [apiv2][query] POST https://cloudresourcemanager.googleapis.com/v1/projects/ecoeats-47a9c:testIamPermissions [none]
[debug] [2024-03-22T02:47:24.121Z] >>> [apiv2][(partial)header] POST https://cloudresourcemanager.googleapis.com/v1/projects/ecoeats-47a9c:testIamPermissions x-goog-quota-user=projects/ecoeats-47a9c
[debug] [2024-03-22T02:47:24.121Z] >>> [apiv2][body] POST https://cloudresourcemanager.googleapis.com/v1/projects/ecoeats-47a9c:testIamPermissions {"permissions":["firebase.projects.get","firebasehosting.sites.update"]}
[debug] [2024-03-22T02:47:27.680Z] <<< [apiv2][status] POST https://cloudresourcemanager.googleapis.com/v1/projects/ecoeats-47a9c:testIamPermissions 200
[debug] [2024-03-22T02:47:27.681Z] <<< [apiv2][body] POST https://cloudresourcemanager.googleapis.com/v1/projects/ecoeats-47a9c:testIamPermissions {"permissions":["firebase.projects.get","firebasehosting.sites.update"]}
[debug] [2024-03-22T02:47:27.683Z] >>> [apiv2][query] GET https://firebase.googleapis.com/v1beta1/projects/ecoeats-47a9c [none]
[debug] [2024-03-22T02:47:29.009Z] <<< [apiv2][status] GET https://firebase.googleapis.com/v1beta1/projects/ecoeats-47a9c 200
[debug] [2024-03-22T02:47:29.010Z] <<< [apiv2][body] GET https://firebase.googleapis.com/v1beta1/projects/ecoeats-47a9c {"projectId":"ecoeats-47a9c","projectNumber":"324750096654","displayName":"EcoEats","name":"projects/ecoeats-47a9c","resources":{"hostingSite":"ecoeats-47a9c"},"state":"ACTIVE","etag":"1_e4b06a7b-85fa-4994-8027-78a89ba7e51c"}
[info] 
[info] === Deploying to 'ecoeats-47a9c'...
[info] 
[info] i  deploying hosting 
[debug] [2024-03-22T02:47:29.018Z] >>> [apiv2][query] POST https://firebasehosting.googleapis.com/v1beta1/projects/-/sites/ecoeats-47a9c/versions [none]
[debug] [2024-03-22T02:47:29.018Z] >>> [apiv2][body] POST https://firebasehosting.googleapis.com/v1beta1/projects/-/sites/ecoeats-47a9c/versions {"status":"CREATED","labels":{"deployment-tool":"cli-firebase"}}
[debug] [2024-03-22T02:47:34.184Z] <<< [apiv2][status] POST https://firebasehosting.googleapis.com/v1beta1/projects/-/sites/ecoeats-47a9c/versions 200
[debug] [2024-03-22T02:47:34.184Z] <<< [apiv2][body] POST https://firebasehosting.googleapis.com/v1beta1/projects/-/sites/ecoeats-47a9c/versions {"name":"projects/324750096654/sites/ecoeats-47a9c/versions/214c16989993b6d6","status":"CREATED","config":{},"labels":{"deployment-tool":"cli-firebase"}}
[info] i  hosting[ecoeats-47a9c]: beginning deploy... 
[info] i  hosting[ecoeats-47a9c]: found 20 files in build 
[debug] [2024-03-22T02:47:34.202Z] [hosting] uploading with 200 concurrency
[debug] [2024-03-22T02:47:34.213Z] [hosting] hash cache [YnVpbGQ] stored for 20 files
[debug] [2024-03-22T02:47:34.213Z] [hosting][hash queue][FINAL] {"max":4,"min":0,"avg":0,"active":0,"complete":20,"success":20,"errored":0,"retried":0,"total":20,"elapsed":8}
[debug] [2024-03-22T02:47:34.214Z] >>> [apiv2][query] POST https://firebasehosting.googleapis.com/v1beta1/projects/324750096654/sites/ecoeats-47a9c/versions/214c16989993b6d6:populateFiles [none]
[debug] [2024-03-22T02:47:34.214Z] >>> [apiv2][body] POST https://firebasehosting.googleapis.com/v1beta1/projects/324750096654/sites/ecoeats-47a9c/versions/214c16989993b6d6:populateFiles {"files":{"/asset-manifest.json":"cc05f8729ca98c642fdc9d9ce8b489b63e7876586eea006e7bce28775f5ee5b3","/favicon.ico":"eae62e993eb980ec8a25058c39d5a51feab118bd2100c4deebb2a9c158ec11f9","/index.html":"2115231f824f0d58a508b597da46c8348d172c96cdc6e90041a33e3f24ce3606","/logo192.png":"3ee59515172ee198f3be375979df15ac5345183e656720a381b8872b2a39dc8b","/logo512.png":"ee7e2f3fdb8209c4b6fd7bef6ba50d1b9dba30a25bb5c3126df057e1cb6f5331","/manifest.json":"5c997de1364b8be939319fa9209abd77f2caf7f8844999a9e2e9173f844e7840","/robots.txt":"b2090cf9761ef60aa06e4fab97679bd43dfa5e5df073701ead5879d7c68f1ec5","/static/css/main.dbc6913e.css":"b9debdc12d1a55bde322ce4873f4268f5eb0e2f9f4d57d659802a97ea03eaf0d","/static/css/main.dbc6913e.css.map":"468d59061f23829a893e06711f475c3155ffe483e53fc0974daf351842489594","/static/js/453.fdbbc6b2.chunk.js":"95e28bb757fc340d847b6d00e2081a7a6b598eb3d7a45029a94fbffe4d1b2a58","/static/js/453.fdbbc6b2.chunk.js.map":"e02e2b0977be6fd42e82ecb004fd0d830a1baaf940382b34fbd792094b2b1802","/static/js/main.cd062f15.js":"c5dd1eaf1728b6e7e29a1aad0b36ff80966923e18f5f4d63ff5b3d897721c767","/static/js/main.cd062f15.js.LICENSE.txt":"2f0ed74a08873cac464b0fcfd0d89fb599740bae25acb02f7e4cca22b17ee94b","/static/js/main.cd062f15.js.map":"9e5f690cc6d9f74dac38887c555d6b791cf8de010ff37ad53ffcaef598785863","/static/media/bakerryy.ee6ac0ac52d025b48068.jpg":"d3a6ee6eded662211f5f5251b434c31dd86d5d9494986a2b857d617fdf82261a","/static/media/charityy.6047f9675ed13bca70e0.png":"ad82a2ada9cdd46426dfb5469d2dd092222f81d3031e23c6d93d7cbb298bda13","/static/media/foodonation.63779c7c3817f74dadd2.png":"442400920e13a59e3290c84d1d5bec57eea6bfd82c326f0f4f2f1d80d6ab8d03","/static/media/formdon.fedba3cf3ad0dc58f596.jpg":"53d5f0dfcfff36867b114f85aba1c933d197ce02ba4a6ee1acb013b0d966c019","/static/media/logo.a12e9d7c0a9a29a5d4b7.png":"588a5d596faf5c654600add2b6f17fb00bcf41c287303f08137ab06f951462e1","/static/media/someoneee.54a436784a675799770b.png":"d472b7bcfd5dab9daf979b53b563b21a5aded774645f1798854b3eb9e9a652eb"}}
[debug] [2024-03-22T02:47:36.084Z] <<< [apiv2][status] POST https://firebasehosting.googleapis.com/v1beta1/projects/324750096654/sites/ecoeats-47a9c/versions/214c16989993b6d6:populateFiles 200
[debug] [2024-03-22T02:47:36.084Z] <<< [apiv2][body] POST https://firebasehosting.googleapis.com/v1beta1/projects/324750096654/sites/ecoeats-47a9c/versions/214c16989993b6d6:populateFiles {"uploadRequiredHashes":["53d5f0dfcfff36867b114f85aba1c933d197ce02ba4a6ee1acb013b0d966c019","d3a6ee6eded662211f5f5251b434c31dd86d5d9494986a2b857d617fdf82261a"],"uploadUrl":"https://upload-firebasehosting.googleapis.com/upload/sites/ecoeats-47a9c/versions/214c16989993b6d6/files"}
[debug] [2024-03-22T02:47:36.086Z] >>> [apiv2][query] POST https://upload-firebasehosting.googleapis.com/upload/sites/ecoeats-47a9c/versions/214c16989993b6d6/files/53d5f0dfcfff36867b114f85aba1c933d197ce02ba4a6ee1acb013b0d966c019 [none]
[debug] [2024-03-22T02:47:36.086Z] >>> [apiv2][body] POST https://upload-firebasehosting.googleapis.com/upload/sites/ecoeats-47a9c/versions/214c16989993b6d6/files/53d5f0dfcfff36867b114f85aba1c933d197ce02ba4a6ee1acb013b0d966c019 [stream]
[debug] [2024-03-22T02:47:36.087Z] >>> [apiv2][query] POST https://upload-firebasehosting.googleapis.com/upload/sites/ecoeats-47a9c/versions/214c16989993b6d6/files/d3a6ee6eded662211f5f5251b434c31dd86d5d9494986a2b857d617fdf82261a [none]
[debug] [2024-03-22T02:47:36.087Z] >>> [apiv2][body] POST https://upload-firebasehosting.googleapis.com/upload/sites/ecoeats-47a9c/versions/214c16989993b6d6/files/d3a6ee6eded662211f5f5251b434c31dd86d5d9494986a2b857d617fdf82261a [stream]
[debug] [2024-03-22T02:47:36.090Z] [hosting][populate queue][FINAL] {"max":1874,"min":1874,"avg":1874,"active":0,"complete":1,"success":1,"errored":0,"retried":0,"total":1,"elapsed":1879}
[debug] [2024-03-22T02:47:36.090Z] [hosting] uploads queued: 2
[debug] [2024-03-22T02:48:16.366Z] [uploadQueue] Retrying task 53d5f0dfcfff36867b114f85aba1c933d197ce02ba4a6ee1acb013b0d966c019
[debug] [2024-03-22T02:48:16.368Z] >>> [apiv2][query] POST https://upload-firebasehosting.googleapis.com/upload/sites/ecoeats-47a9c/versions/214c16989993b6d6/files/53d5f0dfcfff36867b114f85aba1c933d197ce02ba4a6ee1acb013b0d966c019 [none]
[debug] [2024-03-22T02:48:16.368Z] >>> [apiv2][body] POST https://upload-firebasehosting.googleapis.com/upload/sites/ecoeats-47a9c/versions/214c16989993b6d6/files/53d5f0dfcfff36867b114f85aba1c933d197ce02ba4a6ee1acb013b0d966c019 [stream]
[debug] [2024-03-22T02:48:39.648Z] [uploadQueue] Retrying task d3a6ee6eded662211f5f5251b434c31dd86d5d9494986a2b857d617fdf82261a
[debug] [2024-03-22T02:48:39.649Z] >>> [apiv2][query] POST https://upload-firebasehosting.googleapis.com/upload/sites/ecoeats-47a9c/versions/214c16989993b6d6/files/d3a6ee6eded662211f5f5251b434c31dd86d5d9494986a2b857d617fdf82261a [none]
[debug] [2024-03-22T02:48:39.649Z] >>> [apiv2][body] POST https://upload-firebasehosting.googleapis.com/upload/sites/ecoeats-47a9c/versions/214c16989993b6d6/files/d3a6ee6eded662211f5f5251b434c31dd86d5d9494986a2b857d617fdf82261a [stream]
[debug] [2024-03-22T02:48:57.037Z] [uploadQueue] Retrying task 53d5f0dfcfff36867b114f85aba1c933d197ce02ba4a6ee1acb013b0d966c019
[debug] [2024-03-22T02:48:57.037Z] >>> [apiv2][query] POST https://upload-firebasehosting.googleapis.com/upload/sites/ecoeats-47a9c/versions/214c16989993b6d6/files/53d5f0dfcfff36867b114f85aba1c933d197ce02ba4a6ee1acb013b0d966c019 [none]
[debug] [2024-03-22T02:48:57.037Z] >>> [apiv2][body] POST https://upload-firebasehosting.googleapis.com/upload/sites/ecoeats-47a9c/versions/214c16989993b6d6/files/53d5f0dfcfff36867b114f85aba1c933d197ce02ba4a6ee1acb013b0d966c019 [stream]
[debug] [2024-03-22T02:49:38.504Z] [uploadQueue] Retrying task 53d5f0dfcfff36867b114f85aba1c933d197ce02ba4a6ee1acb013b0d966c019
[debug] [2024-03-22T02:49:38.505Z] >>> [apiv2][query] POST https://upload-firebasehosting.googleapis.com/upload/sites/ecoeats-47a9c/versions/214c16989993b6d6/files/53d5f0dfcfff36867b114f85aba1c933d197ce02ba4a6ee1acb013b0d966c019 [none]
[debug] [2024-03-22T02:49:38.505Z] >>> [apiv2][body] POST https://upload-firebasehosting.googleapis.com/upload/sites/ecoeats-47a9c/versions/214c16989993b6d6/files/53d5f0dfcfff36867b114f85aba1c933d197ce02ba4a6ee1acb013b0d966c019 [stream]
[debug] [2024-03-22T02:49:43.612Z] [uploadQueue] Retrying task d3a6ee6eded662211f5f5251b434c31dd86d5d9494986a2b857d617fdf82261a
[debug] [2024-03-22T02:49:43.613Z] >>> [apiv2][query] POST https://upload-firebasehosting.googleapis.com/upload/sites/ecoeats-47a9c/versions/214c16989993b6d6/files/d3a6ee6eded662211f5f5251b434c31dd86d5d9494986a2b857d617fdf82261a [none]
[debug] [2024-03-22T02:49:43.613Z] >>> [apiv2][body] POST https://upload-firebasehosting.googleapis.com/upload/sites/ecoeats-47a9c/versions/214c16989993b6d6/files/d3a6ee6eded662211f5f5251b434c31dd86d5d9494986a2b857d617fdf82261a [stream]
[debug] [2024-03-22T02:50:21.566Z] [uploadQueue] Retrying task 53d5f0dfcfff36867b114f85aba1c933d197ce02ba4a6ee1acb013b0d966c019
[debug] [2024-03-22T02:50:21.567Z] >>> [apiv2][query] POST https://upload-firebasehosting.googleapis.com/upload/sites/ecoeats-47a9c/versions/214c16989993b6d6/files/53d5f0dfcfff36867b114f85aba1c933d197ce02ba4a6ee1acb013b0d966c019 [none]
[debug] [2024-03-22T02:50:21.567Z] >>> [apiv2][body] POST https://upload-firebasehosting.googleapis.com/upload/sites/ecoeats-47a9c/versions/214c16989993b6d6/files/53d5f0dfcfff36867b114f85aba1c933d197ce02ba4a6ee1acb013b0d966c019 [stream]
[debug] [2024-03-22T02:50:48.380Z] [uploadQueue] Retrying task d3a6ee6eded662211f5f5251b434c31dd86d5d9494986a2b857d617fdf82261a
[debug] [2024-03-22T02:50:48.380Z] >>> [apiv2][query] POST https://upload-firebasehosting.googleapis.com/upload/sites/ecoeats-47a9c/versions/214c16989993b6d6/files/d3a6ee6eded662211f5f5251b434c31dd86d5d9494986a2b857d617fdf82261a [none]
[debug] [2024-03-22T02:50:48.380Z] >>> [apiv2][body] POST https://upload-firebasehosting.googleapis.com/upload/sites/ecoeats-47a9c/versions/214c16989993b6d6/files/d3a6ee6eded662211f5f5251b434c31dd86d5d9494986a2b857d617fdf82261a [stream]
[debug] [2024-03-22T02:51:07.831Z] [uploadQueue] Retrying task 53d5f0dfcfff36867b114f85aba1c933d197ce02ba4a6ee1acb013b0d966c019
[debug] [2024-03-22T02:51:07.831Z] >>> [apiv2][query] POST https://upload-firebasehosting.googleapis.com/upload/sites/ecoeats-47a9c/versions/214c16989993b6d6/files/53d5f0dfcfff36867b114f85aba1c933d197ce02ba4a6ee1acb013b0d966c019 [none]
[debug] [2024-03-22T02:51:07.832Z] >>> [apiv2][body] POST https://upload-firebasehosting.googleapis.com/upload/sites/ecoeats-47a9c/versions/214c16989993b6d6/files/53d5f0dfcfff36867b114f85aba1c933d197ce02ba4a6ee1acb013b0d966c019 [stream]
